     1                                  bits 32 ; assembling for the 32 bits architecture
     2                                  
     3                                  ; declare the EntryPoint (a label defining the very first instruction of the program)
     4                                  global start        
     5                                  
     6                                  ; declare external functions needed by our program
     7                                  extern exit               ; tell nasm that exit exists even if we won't be defining it
     8                                  import exit msvcrt.dll    ; exit is a function that ends the calling process. It is defined in msvcrt.dll
     9                                                            ; msvcrt.dll contains exit, printf and all the other important C-runtime specific functions
    10                                  
    11                                  ; our data is declared here (the variables needed by our program)
    12                                  segment data use32 class=data
    13                                      ; ...
    14                                  
    15                                  ; our code starts here
    16                                  segment code use32 class=code
    17                                      start:
    18                                          ; ...
    19                                          ;5-6
    20                                          ;mov AX,5
    21                                          ;sub AX,6
    22                                          
    23                                          ;AL * BL
    24                                          ;mov AL,5
    25                                          ;mov BL,6
    26                                          ;mul BL
    27                                  
    28                                          ;AX/BL
    29 00000000 66B86400                        mov AX,100
    30 00000004 B305                            mov BL,5
    31 00000006 F6F3                            div BL
    32                                          
    33                                          ; exit(0)
    34 00000008 6A00                            push    dword 0      ; push the parameter for exit onto the stack
    35 0000000A FF15[00000000]                  call    [exit]       ; call exit to terminate the program
