     1                                  bits 32 
     2                                  
     3                                  
     4                                  global start        
     5                                  
     6                                  
     7                                  extern exit, scanf, fopen, fprintf, fclose, printf              
     8                                  import exit msvcrt.dll
     9                                  import scanf msvcrt.dll 
    10                                  import fopen msvcrt.dll 
    11                                  import fprintf msvcrt.dll
    12                                  import fclose msvcrt.dll
    13                                  import printf msvcrt.dll   
    14                                                            
    15                                  
    16                                  segment data use32 class=data
    17 00000000 00000000                    x dd 0
    18 00000004 00000000                    m dd 0
    19 00000008 00000000                    n dd 0
    20 0000000C 00000000                    nr dd 0
    21 00000010 256420256400                format_citire1 db '%d %d',0
    22 00000016 256400                      format_citire2 db '%d',0
    23 00000019 00000000                    len dd 0
    24 0000001D 6F75747075742E7478-         fisier db 'output.txt',0
    24 00000026 7400               
    25 00000028 6100                        mod_acces db 'a',0
    26 0000002A FFFFFFFF                    descriptor dd -1
    27 0000002E 256400                      format_afisare db '%d',0
    28 00000031 2000                        format_afisare2 db ' ',0
    29 00000033 00000000                    sir dd 0
    30                                  
    31                                  segment code use32 class=code
    32                                      start:
    33                                          ;citim de la tastatura
    34                                          ;scanf(format_citire1,m,n)
    35 00000000 68[08000000]                    push dword n
    36 00000005 68[04000000]                    push dword m
    37 0000000A 68[10000000]                    push dword format_citire1
    38 0000000F FF15[00000000]                  call [scanf]
    39 00000015 83C40C                          add esp, 4*3
    40                                          
    41 00000018 FC                              cld
    42 00000019 8B0D[04000000]                  mov ecx, [m]
    43 0000001F 83F900                          cmp ecx,0
    44 00000022 0F84D5000000                    je sfarsit
    45                                          citire:
    46 00000028 60                                  pushad
    47 00000029 68[00000000]                        push dword x
    48 0000002E 68[16000000]                        push dword format_citire2
    49 00000033 FF15[00000000]                      call [scanf]
    50 00000039 83C408                              add esp, 4*2
    51 0000003C 61                                  popad
    52                                              
    53 0000003D FF35[00000000]                      push dword [x]
    54 00000043 C705[0C000000]0000-                 mov dword [nr], 0
    54 0000004B 0000               
    55                                              verificare:
    56 0000004D 58                                      pop eax
    57 0000004E BA00000000                              mov edx,0
    58 00000053 BB0A000000                              mov ebx,10
    59 00000058 F7F3                                    div ebx
    60                                                  
    61 0000005A 50                                      push eax
    62 0000005B 89D0                                    mov eax, edx
    63 0000005D BA00000000                              mov edx,0
    64 00000062 8B1D[08000000]                          mov ebx, [n]
    65 00000068 F7F3                                    div ebx
    66                                                  
    67 0000006A 83FA00                                  cmp edx,0
    68 0000006D 7507                                    jne next_1
    69 0000006F 8305[0C000000]01                        add dword [nr], 1
    70                                                  next_1:
    71 00000076 58                                      pop eax
    72 00000077 50                                      push eax
    73 00000078 83F800                              cmp eax,0
    74 0000007B 75D0                                jne verificare
    75 0000007D 58                              pop eax
    76 0000007E 833D[0C000000]02                cmp dword [nr], 2
    77 00000085 720E                            jB next_2
    78 00000087 BF[33000000]                    mov edi, sir
    79 0000008C 58                              pop eax
    80 0000008D AB                              stosd
    81 0000008E 8305[19000000]01                add dword [len], 1
    82                                          next_2:
    83 00000095 E291                            loop citire
    84                                          
    85 00000097 68[28000000]                    push dword mod_acces
    86 0000009C 68[1D000000]                    push dword fisier
    87 000000A1 FF15[00000000]                  call [fopen]
    88 000000A7 83C408                          add esp, 4*2
    89                                          
    90 000000AA A3[2A000000]                    mov [descriptor],eax
    91 000000AF 83F8FF                          cmp eax, -1
    92 000000B2 7449                            je sfarsit
    93                                          
    94 000000B4 BE[33000000]                    mov esi, sir
    95 000000B9 FC                              cld
    96 000000BA 8B0D[19000000]                  mov ecx, [len]
    97                                          afisare:
    98 000000C0 60                                  pushad
    99 000000C1 AD                                  lodsd
   100 000000C2 A3[00000000]                        mov [x],eax
   101 000000C7 FF35[00000000]                      push dword [x]
   102 000000CD 68[2E000000]                        push dword format_afisare
   103 000000D2 FF15[00000000]                      call [printf]
   104 000000D8 83C408                              add esp,4*2
   105 000000DB 61                                  popad
   106                                              
   107 000000DC 60                                  pushad
   108 000000DD 68[31000000]                        push dword format_afisare2
   109 000000E2 FF15[00000000]                      call [printf]
   110 000000E8 83C404                              add esp,4*1
   111 000000EB 61                                  popad
   112 000000EC E2D2                            loop afisare
   113                                          
   114 000000EE FF35[2A000000]                  push dword [descriptor]
   115 000000F4 FF15[00000000]                  call [fclose]
   116 000000FA 83C404                          add esp,4
   117                                              
   118                                              
   119                                          
   120                                          
   121                                          
   122                                          
   123                                          
   124                                                  
   125                                                  
   126                                          sfarsit:
   127                                          ; exit(0)
   128 000000FD 6A00                            push    dword 0      ; push the parameter for exit onto the stack
   129 000000FF FF15[00000000]                  call    [exit]       ; call exit to terminate the program
